INFO: 2025/09/05 16:38:08 middleware.go:48: [400] POST /books/add ::1 (0s)
INFO: 2025/09/05 16:38:48 middleware.go:48: [201] POST /books/add ::1 (1.0743ms)
INFO: 2025/09/05 16:39:05 middleware.go:48: [201] POST /books/add ::1 (0s)
INFO: 2025/09/05 16:39:23 middleware.go:48: [201] POST /books/add ::1 (0s)
INFO: 2025/09/05 16:39:35 middleware.go:48: [202] GET /books/see ::1 (0s)
INFO: 2025/09/05 16:41:33 middleware.go:48: [202] GET /books/see ::1 (14.0293ms)
INFO: 2025/09/05 16:42:18 middleware.go:48: [200] DELETE /books/delete/3 ::1 (7.9977ms)
INFO: 2025/09/23 12:27:56 middleware.go:48: [400] POST /books/add ::1 (7.5371ms)
INFO: 2025/09/23 12:29:40 middleware.go:48: [400] POST /books/add ::1 (4.1946ms)
INFO: 2025/09/23 12:33:01 middleware.go:48: [400] POST /books/add ::1 (2.9491ms)
INFO: 2025/09/23 12:34:32 middleware.go:48: [500] POST /books/add ::1 (1.200324s)
INFO: 2025/09/23 12:39:34 middleware.go:48: [500] POST /books/add ::1 (1.1989581s)
INFO: 2025/09/23 12:43:44 middleware.go:48: [200] POST /books/add ::1 (1.2842545s)
INFO: 2025/09/23 13:14:33 middleware.go:48: [200] POST /books/add ::1 (750.782ms)
INFO: 2025/09/23 13:18:03 middleware.go:48: [200] POST /books/add ::1 (834.7692ms)
INFO: 2025/09/23 13:20:30 middleware.go:48: [200] POST /books/add ::1 (986.2297ms)
INFO: 2025/09/23 13:26:17 middleware.go:48: [200] POST /books/add ::1 (948.9929ms)
INFO: 2025/09/23 13:35:46 middleware.go:48: [200] POST /books/add ::1 (889.5035ms)
INFO: 2025/09/23 13:53:47 middleware.go:48: [200] POST /books/add ::1 (861.4577ms)
INFO: 2025/09/23 13:55:28 middleware.go:48: [200] GET /books/see?q=demo ::1 (6.5706ms)
INFO: 2025/09/23 14:05:44 middleware.go:48: [200] POST /books/add ::1 (954.736ms)
INFO: 2025/09/23 14:10:17 middleware.go:48: [200] POST /books/add ::1 (1.2356311s)
INFO: 2025/09/23 14:10:34 middleware.go:48: [200] GET /books/see?q=demo ::1 (4.2622ms)
INFO: 2025/09/23 23:41:05 middleware.go:48: [200] POST /books/upload ::1 (559.9351ms)
INFO: 2025/11/28 13:28:10 middleware.go:48: [500] POST /books/upload ::1 (10.2330626s)
INFO: 2025/11/28 13:32:47 middleware.go:48: [500] POST /books/upload ::1 (10.1578935s)
INFO: 2025/11/28 13:34:09 middleware.go:48: [500] POST /books/upload ::1 (10.3254115s)
INFO: 2025/11/28 13:35:41 middleware.go:48: [200] POST /books/upload ::1 (3.0745339s)
INFO: 2025/11/28 13:40:06 middleware.go:48: [200] GET /books/search?q=testingDocs ::1 (12.5295ms)
INFO: 2025/11/28 14:46:49 middleware.go:48: [200] POST /books/upload ::1 (15.9559ms)
INFO: 2025/11/28 14:54:08 middleware.go:48: [200] POST /books/upload ::1 (3.0766ms)
INFO: 2025/11/28 14:59:21 middleware.go:48: [200] POST /books/upload ::1 (1.4817059s)
INFO: 2025/11/28 15:01:29 middleware.go:48: [200] GET /books/search?q=testingDocs56 ::1 (15.976ms)
INFO: 2025/11/28 15:16:58 middleware.go:48: [200] POST /books/upload ::1 (1.7095089s)
INFO: 2025/11/28 15:17:13 middleware.go:48: [200] GET /books/search?q=kamaljeet%27s%20Team ::1 (1.6301ms)
